<?xml version="1.0" encoding="UTF-8"?>
<testsuite name="com.bundle.monitoring.service.impl.SaleServiceImplTest" tests="1" skipped="0" failures="0" errors="0" timestamp="2020-01-21T22:47:16" hostname="Kerem-MacBook-Pro.local" time="0.751">
  <properties/>
  <testcase name="whenSaleIdGivenThenReturnSale()" classname="com.bundle.monitoring.service.impl.SaleServiceImplTest" time="0.751"/>
  <system-out><![CDATA[]]></system-out>
  <system-err><![CDATA[]]></system-err>
</testsuite>
